<?xml version="1.0" encoding="UTF-8"?>
<!-- Generated by org.testng.reporters.JUnitXMLReporter -->
<testsuite ignored="18" hostname="Omkar-Genext" failures="1" tests="12" name="IETest" time="12.901" errors="0" timestamp="2024-05-13T17:56:29 IST">
  <testcase classname="mocktest.testcases.AcademicCyclePageTest" name="@BeforeMethod setup" time="1.504">
    <failure type="java.lang.NullPointerException" message="Cannot invoke &amp;quot;org.openqa.selenium.WebDriver.manage()&amp;quot; because the return value of &amp;quot;mocktest.base.BaseClass.getDriver()&amp;quot; is null">
      <![CDATA[java.lang.NullPointerException: Cannot invoke "org.openqa.selenium.WebDriver.manage()" because the return value of "mocktest.base.BaseClass.getDriver()" is null
at mocktest.base.BaseClass.launchApp(BaseClass.java:64)
at mocktest.testcases.AcademicCyclePageTest.setup(AcademicCyclePageTest.java:27)
at java.base/java.util.ArrayList.forEach(ArrayList.java:1511)
at java.base/java.util.concurrent.FutureTask.run(FutureTask.java:264)
at java.base/java.util.concurrent.ThreadPoolExecutor.runWorker(ThreadPoolExecutor.java:1136)
at java.base/java.util.concurrent.ThreadPoolExecutor$Worker.run(ThreadPoolExecutor.java:635)
at java.base/java.lang.Thread.run(Thread.java:833)
... Removed 22 stack frames]]>
    </failure>
  </testcase> <!-- @BeforeMethod setup -->
  <testcase classname="mocktest.testcases.AcademicCyclePageTest" name="@AfterMethod tearDown" time="-1.715603178298E9">
    <skipped/>
  </testcase> <!-- @AfterMethod tearDown -->
  <testcase classname="mocktest.testcases.AddAcademiccyclePageTest" name="@BeforeMethod setup" time="1.636">
    <failure type="java.lang.NullPointerException" message="Cannot invoke &amp;quot;org.openqa.selenium.WebDriver.manage()&amp;quot; because the return value of &amp;quot;mocktest.base.BaseClass.getDriver()&amp;quot; is null">
      <![CDATA[java.lang.NullPointerException: Cannot invoke "org.openqa.selenium.WebDriver.manage()" because the return value of "mocktest.base.BaseClass.getDriver()" is null
at mocktest.base.BaseClass.launchApp(BaseClass.java:64)
at mocktest.testcases.AddAcademiccyclePageTest.setup(AddAcademiccyclePageTest.java:30)
at java.base/java.util.ArrayList.forEach(ArrayList.java:1511)
at java.base/java.util.concurrent.FutureTask.run(FutureTask.java:264)
at java.base/java.util.concurrent.ThreadPoolExecutor.runWorker(ThreadPoolExecutor.java:1136)
at java.base/java.util.concurrent.ThreadPoolExecutor$Worker.run(ThreadPoolExecutor.java:635)
at java.base/java.lang.Thread.run(Thread.java:833)
... Removed 22 stack frames]]>
    </failure>
  </testcase> <!-- @BeforeMethod setup -->
  <testcase classname="mocktest.testcases.AddAcademiccyclePageTest" name="@AfterMethod tearDown" time="-1.715603179987E9">
    <skipped/>
  </testcase> <!-- @AfterMethod tearDown -->
  <testcase classname="mocktest.testcases.AddBatchTest" name="@BeforeMethod setup" time="1.504">
    <failure type="java.lang.NullPointerException" message="Cannot invoke &amp;quot;org.openqa.selenium.WebDriver.manage()&amp;quot; because the return value of &amp;quot;mocktest.base.BaseClass.getDriver()&amp;quot; is null">
      <![CDATA[java.lang.NullPointerException: Cannot invoke "org.openqa.selenium.WebDriver.manage()" because the return value of "mocktest.base.BaseClass.getDriver()" is null
at mocktest.base.BaseClass.launchApp(BaseClass.java:64)
at mocktest.testcases.AddBatchTest.setup(AddBatchTest.java:29)
at java.base/java.util.ArrayList.forEach(ArrayList.java:1511)
at java.base/java.util.concurrent.FutureTask.run(FutureTask.java:264)
at java.base/java.util.concurrent.ThreadPoolExecutor.runWorker(ThreadPoolExecutor.java:1136)
at java.base/java.util.concurrent.ThreadPoolExecutor$Worker.run(ThreadPoolExecutor.java:635)
at java.base/java.lang.Thread.run(Thread.java:833)
... Removed 22 stack frames]]>
    </failure>
  </testcase> <!-- @BeforeMethod setup -->
  <testcase classname="mocktest.testcases.AddBatchTest" name="@AfterMethod tearDown" time="-1.715603181525E9">
    <skipped/>
  </testcase> <!-- @AfterMethod tearDown -->
  <testcase classname="mocktest.testcases.AddOfferingsTest" name="@BeforeMethod setup" time="1.525">
    <failure type="java.lang.NullPointerException" message="Cannot invoke &amp;quot;org.openqa.selenium.WebDriver.manage()&amp;quot; because the return value of &amp;quot;mocktest.base.BaseClass.getDriver()&amp;quot; is null">
      <![CDATA[java.lang.NullPointerException: Cannot invoke "org.openqa.selenium.WebDriver.manage()" because the return value of "mocktest.base.BaseClass.getDriver()" is null
at mocktest.base.BaseClass.launchApp(BaseClass.java:64)
at mocktest.testcases.AddOfferingsTest.setup(AddOfferingsTest.java:31)
at java.base/java.util.ArrayList.forEach(ArrayList.java:1511)
at java.base/java.util.concurrent.FutureTask.run(FutureTask.java:264)
at java.base/java.util.concurrent.ThreadPoolExecutor.runWorker(ThreadPoolExecutor.java:1136)
at java.base/java.util.concurrent.ThreadPoolExecutor$Worker.run(ThreadPoolExecutor.java:635)
at java.base/java.lang.Thread.run(Thread.java:833)
... Removed 22 stack frames]]>
    </failure>
  </testcase> <!-- @BeforeMethod setup -->
  <testcase classname="mocktest.testcases.AddOfferingsTest" name="@AfterMethod tearDown" time="-1.715603183102E9">
    <skipped/>
  </testcase> <!-- @AfterMethod tearDown -->
  <testcase classname="mocktest.testcases.BatchesPageTest" name="@BeforeMethod setup" time="1.517">
    <failure type="java.lang.NullPointerException" message="Cannot invoke &amp;quot;org.openqa.selenium.WebDriver.manage()&amp;quot; because the return value of &amp;quot;mocktest.base.BaseClass.getDriver()&amp;quot; is null">
      <![CDATA[java.lang.NullPointerException: Cannot invoke "org.openqa.selenium.WebDriver.manage()" because the return value of "mocktest.base.BaseClass.getDriver()" is null
at mocktest.base.BaseClass.launchApp(BaseClass.java:64)
at mocktest.testcases.BatchesPageTest.setup(BatchesPageTest.java:26)
at java.base/java.util.ArrayList.forEach(ArrayList.java:1511)
at java.base/java.util.concurrent.FutureTask.run(FutureTask.java:264)
at java.base/java.util.concurrent.ThreadPoolExecutor.runWorker(ThreadPoolExecutor.java:1136)
at java.base/java.util.concurrent.ThreadPoolExecutor$Worker.run(ThreadPoolExecutor.java:635)
at java.base/java.lang.Thread.run(Thread.java:833)
... Removed 22 stack frames]]>
    </failure>
  </testcase> <!-- @BeforeMethod setup -->
  <testcase classname="mocktest.testcases.BatchesPageTest" name="@AfterMethod tearDown" time="-1.715603184701E9">
    <skipped/>
  </testcase> <!-- @AfterMethod tearDown -->
  <testcase classname="mocktest.testcases.TestPropageTest" name="@BeforeMethod setup" time="1.56">
    <failure type="java.lang.NullPointerException" message="Cannot invoke &amp;quot;org.openqa.selenium.WebDriver.manage()&amp;quot; because the return value of &amp;quot;mocktest.base.BaseClass.getDriver()&amp;quot; is null">
      <![CDATA[java.lang.NullPointerException: Cannot invoke "org.openqa.selenium.WebDriver.manage()" because the return value of "mocktest.base.BaseClass.getDriver()" is null
at mocktest.base.BaseClass.launchApp(BaseClass.java:64)
at mocktest.testcases.TestPropageTest.setup(TestPropageTest.java:24)
at java.base/java.util.ArrayList.forEach(ArrayList.java:1511)
at java.base/java.util.concurrent.FutureTask.run(FutureTask.java:264)
at java.base/java.util.concurrent.ThreadPoolExecutor.runWorker(ThreadPoolExecutor.java:1136)
at java.base/java.util.concurrent.ThreadPoolExecutor$Worker.run(ThreadPoolExecutor.java:635)
at java.base/java.lang.Thread.run(Thread.java:833)
... Removed 22 stack frames]]>
    </failure>
  </testcase> <!-- @BeforeMethod setup -->
  <testcase classname="mocktest.testcases.TestPropageTest" name="@AfterMethod tearDown" time="-1.715603186305E9">
    <skipped/>
  </testcase> <!-- @AfterMethod tearDown -->
  <testcase classname="mocktest.testcases.TestPropageTest" name="@BeforeMethod setup" time="-1.715603186312E9">
    <skipped/>
  </testcase> <!-- @BeforeMethod setup -->
  <testcase classname="mocktest.testcases.TestPropageTest" name="@AfterMethod tearDown" time="-1.715603186316E9">
    <skipped/>
  </testcase> <!-- @AfterMethod tearDown -->
  <testcase classname="mocktest.testcases.HomePageTest" name="@BeforeMethod setup" time="1.581">
    <failure type="java.lang.NullPointerException" message="Cannot invoke &amp;quot;org.openqa.selenium.WebDriver.manage()&amp;quot; because the return value of &amp;quot;mocktest.base.BaseClass.getDriver()&amp;quot; is null">
      <![CDATA[java.lang.NullPointerException: Cannot invoke "org.openqa.selenium.WebDriver.manage()" because the return value of "mocktest.base.BaseClass.getDriver()" is null
at mocktest.base.BaseClass.launchApp(BaseClass.java:64)
at mocktest.testcases.HomePageTest.setup(HomePageTest.java:24)
at java.base/java.util.ArrayList.forEach(ArrayList.java:1511)
at java.base/java.util.concurrent.FutureTask.run(FutureTask.java:264)
at java.base/java.util.concurrent.ThreadPoolExecutor.runWorker(ThreadPoolExecutor.java:1136)
at java.base/java.util.concurrent.ThreadPoolExecutor$Worker.run(ThreadPoolExecutor.java:635)
at java.base/java.lang.Thread.run(Thread.java:833)
... Removed 22 stack frames]]>
    </failure>
  </testcase> <!-- @BeforeMethod setup -->
  <testcase classname="mocktest.testcases.HomePageTest" name="@AfterMethod tearDown" time="-1.715603187955E9">
    <skipped/>
  </testcase> <!-- @AfterMethod tearDown -->
  <testcase classname="mocktest.testcases.TestPropageTest" name="@BeforeMethod setup" time="-1.715603187965E9">
    <skipped/>
  </testcase> <!-- @BeforeMethod setup -->
  <testcase classname="mocktest.testcases.TestPropageTest" name="@AfterMethod tearDown" time="-1.715603188009E9">
    <skipped/>
  </testcase> <!-- @AfterMethod tearDown -->
  <testcase classname="mocktest.testcases.LoginPageTest" name="@BeforeMethod setup" time="1.533">
    <failure type="java.lang.NullPointerException" message="Cannot invoke &amp;quot;org.openqa.selenium.WebDriver.manage()&amp;quot; because the return value of &amp;quot;mocktest.base.BaseClass.getDriver()&amp;quot; is null">
      <![CDATA[java.lang.NullPointerException: Cannot invoke "org.openqa.selenium.WebDriver.manage()" because the return value of "mocktest.base.BaseClass.getDriver()" is null
at mocktest.base.BaseClass.launchApp(BaseClass.java:64)
at mocktest.testcases.LoginPageTest.setup(LoginPageTest.java:26)
at java.base/java.util.ArrayList.forEach(ArrayList.java:1511)
at java.base/java.util.concurrent.FutureTask.run(FutureTask.java:264)
at java.base/java.util.concurrent.ThreadPoolExecutor.runWorker(ThreadPoolExecutor.java:1136)
at java.base/java.util.concurrent.ThreadPoolExecutor$Worker.run(ThreadPoolExecutor.java:635)
at java.base/java.lang.Thread.run(Thread.java:833)
... Removed 22 stack frames]]>
    </failure>
  </testcase> <!-- @BeforeMethod setup -->
  <testcase classname="mocktest.testcases.LoginPageTest" name="@AfterMethod tearDown" time="-1.715603189586E9">
    <skipped/>
  </testcase> <!-- @AfterMethod tearDown -->
  <testcase classname="mocktest.testcases.LoginPageTest" name="@BeforeMethod setup" time="-1.715603189593E9">
    <skipped/>
  </testcase> <!-- @BeforeMethod setup -->
  <testcase classname="mocktest.testcases.LoginPageTest" name="@AfterMethod tearDown" time="-1.715603189598E9">
    <skipped/>
  </testcase> <!-- @AfterMethod tearDown -->
  <testcase classname="mocktest.testcases.AcademicCyclePageTest" name="academicCyclePageUrlTest" time="0.0">
    <skipped/>
  </testcase> <!-- academicCyclePageUrlTest -->
  <testcase classname="mocktest.testcases.AddAcademiccyclePageTest" name="addAcademiccycle" time="0.0">
    <skipped/>
  </testcase> <!-- addAcademiccycle -->
  <testcase classname="mocktest.testcases.AddBatchTest" name="addBatchTest" time="0.0">
    <skipped/>
  </testcase> <!-- addBatchTest -->
  <testcase classname="mocktest.testcases.AddOfferingsTest" name="addOfferingsTest" time="0.0">
    <skipped/>
  </testcase> <!-- addOfferingsTest -->
  <testcase classname="mocktest.testcases.BatchesPageTest" name="batchesPagePageUrlTest" time="0.0">
    <skipped/>
  </testcase> <!-- batchesPagePageUrlTest -->
  <testcase classname="mocktest.testcases.TestPropageTest" name="bmLogoTest" time="0.001">
    <skipped/>
  </testcase> <!-- bmLogoTest -->
  <testcase classname="mocktest.testcases.TestPropageTest" name="calenderRightTest" time="0.0">
    <skipped/>
  </testcase> <!-- calenderRightTest -->
  <testcase classname="mocktest.testcases.HomePageTest" name="homePageUrlTest" time="0.0">
    <skipped/>
  </testcase> <!-- homePageUrlTest -->
  <testcase classname="mocktest.testcases.TestPropageTest" name="humBurgerTest" time="0.0">
    <skipped/>
  </testcase> <!-- humBurgerTest -->
  <testcase classname="mocktest.testcases.LoginPageTest" name="loginTest" time="0.0">
    <skipped/>
  </testcase> <!-- loginTest -->
  <testcase classname="mocktest.testcases.LoginPageTest" name="loginUrlTest" time="0.0">
    <skipped/>
  </testcase> <!-- loginUrlTest -->
  <testcase classname="mocktest.testcases.TestPropageTest" name="mockExam1Test" time="0.0">
    <failure type="org.testng.TestNGException" message="
Cannot inject @Test annotated Method [mockExam1Test] with [class java.lang.String, class java.lang.String].
For more information on native dependency injection please refer to http://testng.org/doc/documentation-main.html#native-dependency-injection">
      <![CDATA[org.testng.TestNGException: 
Cannot inject @Test annotated Method [mockExam1Test] with [class java.lang.String, class java.lang.String].
For more information on native dependency injection please refer to http://testng.org/doc/documentation-main.html#native-dependency-injection
at java.base/java.util.ArrayList.forEach(ArrayList.java:1511)
at java.base/java.util.concurrent.FutureTask.run(FutureTask.java:264)
at java.base/java.util.concurrent.ThreadPoolExecutor.runWorker(ThreadPoolExecutor.java:1136)
at java.base/java.util.concurrent.ThreadPoolExecutor$Worker.run(ThreadPoolExecutor.java:635)
at java.base/java.lang.Thread.run(Thread.java:833)
... Removed 17 stack frames]]>
    </failure>
  </testcase> <!-- mockExam1Test -->
  <testcase classname="mocktest.base.BaseClass" name="@BeforeSuite loadConfig" time="0.0">
    <ignored/>
  </testcase> <!-- @BeforeSuite loadConfig -->
  <testcase classname="mocktest.base.BaseClass" name="@BeforeSuite loadConfig" time="0.0">
    <ignored/>
  </testcase> <!-- @BeforeSuite loadConfig -->
  <testcase classname="mocktest.base.BaseClass" name="@BeforeSuite loadConfig" time="0.0">
    <ignored/>
  </testcase> <!-- @BeforeSuite loadConfig -->
  <testcase classname="mocktest.base.BaseClass" name="@BeforeSuite loadConfig" time="0.0">
    <ignored/>
  </testcase> <!-- @BeforeSuite loadConfig -->
  <testcase classname="mocktest.base.BaseClass" name="@BeforeSuite loadConfig" time="0.0">
    <ignored/>
  </testcase> <!-- @BeforeSuite loadConfig -->
  <testcase classname="mocktest.base.BaseClass" name="@BeforeSuite loadConfig" time="0.0">
    <ignored/>
  </testcase> <!-- @BeforeSuite loadConfig -->
  <testcase classname="mocktest.base.BaseClass" name="@BeforeSuite loadConfig" time="0.0">
    <ignored/>
  </testcase> <!-- @BeforeSuite loadConfig -->
  <testcase classname="mocktest.base.BaseClass" name="@BeforeSuite loadConfig" time="0.0">
    <ignored/>
  </testcase> <!-- @BeforeSuite loadConfig -->
  <testcase classname="mocktest.base.BaseClass" name="@BeforeSuite loadConfig" time="0.0">
    <ignored/>
  </testcase> <!-- @BeforeSuite loadConfig -->
  <testcase classname="mocktest.base.BaseClass" name="@AfterSuite afterSuite" time="0.0">
    <ignored/>
  </testcase> <!-- @AfterSuite afterSuite -->
  <testcase classname="mocktest.base.BaseClass" name="@AfterSuite afterSuite" time="0.0">
    <ignored/>
  </testcase> <!-- @AfterSuite afterSuite -->
  <testcase classname="mocktest.base.BaseClass" name="@AfterSuite afterSuite" time="0.0">
    <ignored/>
  </testcase> <!-- @AfterSuite afterSuite -->
  <testcase classname="mocktest.base.BaseClass" name="@AfterSuite afterSuite" time="0.0">
    <ignored/>
  </testcase> <!-- @AfterSuite afterSuite -->
  <testcase classname="mocktest.base.BaseClass" name="@AfterSuite afterSuite" time="0.0">
    <ignored/>
  </testcase> <!-- @AfterSuite afterSuite -->
  <testcase classname="mocktest.base.BaseClass" name="@AfterSuite afterSuite" time="0.0">
    <ignored/>
  </testcase> <!-- @AfterSuite afterSuite -->
  <testcase classname="mocktest.base.BaseClass" name="@AfterSuite afterSuite" time="0.0">
    <ignored/>
  </testcase> <!-- @AfterSuite afterSuite -->
  <testcase classname="mocktest.base.BaseClass" name="@AfterSuite afterSuite" time="0.0">
    <ignored/>
  </testcase> <!-- @AfterSuite afterSuite -->
  <testcase classname="mocktest.base.BaseClass" name="@AfterSuite afterSuite" time="0.0">
    <ignored/>
  </testcase> <!-- @AfterSuite afterSuite -->
</testsuite> <!-- IETest -->
