<?xml version="1.0" encoding="UTF-8"?>
<!-- Generated by org.testng.reporters.JUnitXMLReporter -->
<testsuite ignored="32" hostname="Omkar-Genext" failures="1" tests="16" name="Regression" time="357.844" errors="0" timestamp="2024-05-19T11:25:13 IST">
  <testcase classname="mocktest.testcases.AcademicCyclePageTest" name="academicCyclePageUrlTest" time="21.83"/>
  <testcase classname="mocktest.testcases.BatchesPageTest" name="batchesPagePageUrlTest" time="6.437"/>
  <testcase classname="mocktest.testcases.TestPropageTest" name="bmLogoTest" time="19.085"/>
  <testcase classname="mocktest.testcases.TestPropageTest" name="humBurgerTest" time="14.289"/>
  <testcase classname="mocktest.testcases.LoginPageTest" name="loginUrlTest" time="4.37"/>
  <testcase classname="mocktest.testcases.LoginTest" name="loginTest" time="4.939"/>
  <testcase classname="mocktest.testcases.HomePageTest" name="homePageUrlTest" time="4.096"/>
  <testcase classname="mocktest.testcases.TestPropageTest" name="mockExam1Test" time="11.713"/>
  <testcase classname="mocktest.testcases.TestPropageTest" name="myPerformanceTest" time="9.284"/>
  <testcase classname="mocktest.testcases.TestPropageTest" name="notiFicationTest" time="13.283"/>
  <testcase classname="mocktest.testcases.TestPropageTest" name="testProPageTest" time="9.143"/>
  <testcase classname="mocktest.testcases.TestPropageTest" name="calenderRightTest" time="11.983"/>
  <testcase classname="mocktest.testcases.TestPropageTest" name="myPerformanceRightTest" time="16.783"/>
  <testcase classname="mocktest.testcases.Mocktest1" name="mockExam1Test" time="28.198">
    <failure type="org.openqa.selenium.NoSuchElementException" message="no such element: Unable to locate element: {&amp;quot;method&amp;quot;:&amp;quot;xpath&amp;quot;,&amp;quot;selector&amp;quot;:&amp;quot;//button[@class=&amp;apos;btn btn-success-dark py-2 btn-block mt-5 button_outline nonpopup&amp;apos;]&amp;quot;}
  (Session info: chrome=124.0.6367.208)
For documentation on this error, please visit: https://www.selenium.dev/documentation/webdriver/troubleshooting/errors#no-such-element-exception
Build info: version: &amp;apos;4.20.0&amp;apos;, revision: &amp;apos;866c76ca80&amp;apos;
System info: os.name: &amp;apos;Windows 11&amp;apos;, os.arch: &amp;apos;amd64&amp;apos;, os.version: &amp;apos;10.0&amp;apos;, java.version: &amp;apos;17.0.4.1&amp;apos;
Driver info: org.openqa.selenium.chrome.ChromeDriver
Command: [61afa6a5810de87616c03c85d645ad3e, findElement {value=//button[@class=&amp;apos;btn btn-success-dark py-2 btn-block mt-5 button_outline nonpopup&amp;apos;], using=xpath}]
Capabilities {acceptInsecureCerts: false, browserName: chrome, browserVersion: 124.0.6367.208, chrome: {chromedriverVersion: 124.0.6367.207 (a9001a6e39f..., userDataDir: C:\Users\genex\AppData\Loca...}, fedcm:accounts: true, goog:chromeOptions: {debuggerAddress: localhost:50961}, networkConnectionEnabled: false, pageLoadStrategy: normal, platformName: windows, proxy: Proxy(), se:cdp: ws://localhost:50961/devtoo..., se:cdpVersion: 124.0.6367.208, setWindowRect: true, strictFileInteractability: false, timeouts: {implicit: 0, pageLoad: 300000, script: 30000}, unhandledPromptBehavior: dismiss and notify, webauthn:extension:credBlob: true, webauthn:extension:largeBlob: true, webauthn:extension:minPinLength: true, webauthn:extension:prf: true, webauthn:virtualAuthenticators: true}
Session ID: 61afa6a5810de87616c03c85d645ad3e">
      <![CDATA[org.openqa.selenium.NoSuchElementException: no such element: Unable to locate element: {"method":"xpath","selector":"//button[@class='btn btn-success-dark py-2 btn-block mt-5 button_outline nonpopup']"}
  (Session info: chrome=124.0.6367.208)
For documentation on this error, please visit: https://www.selenium.dev/documentation/webdriver/troubleshooting/errors#no-such-element-exception
Build info: version: '4.20.0', revision: '866c76ca80'
System info: os.name: 'Windows 11', os.arch: 'amd64', os.version: '10.0', java.version: '17.0.4.1'
Driver info: org.openqa.selenium.chrome.ChromeDriver
Command: [61afa6a5810de87616c03c85d645ad3e, findElement {value=//button[@class='btn btn-success-dark py-2 btn-block mt-5 button_outline nonpopup'], using=xpath}]
Capabilities {acceptInsecureCerts: false, browserName: chrome, browserVersion: 124.0.6367.208, chrome: {chromedriverVersion: 124.0.6367.207 (a9001a6e39f..., userDataDir: C:\Users\genex\AppData\Loca...}, fedcm:accounts: true, goog:chromeOptions: {debuggerAddress: localhost:50961}, networkConnectionEnabled: false, pageLoadStrategy: normal, platformName: windows, proxy: Proxy(), se:cdp: ws://localhost:50961/devtoo..., se:cdpVersion: 124.0.6367.208, setWindowRect: true, strictFileInteractability: false, timeouts: {implicit: 0, pageLoad: 300000, script: 30000}, unhandledPromptBehavior: dismiss and notify, webauthn:extension:credBlob: true, webauthn:extension:largeBlob: true, webauthn:extension:minPinLength: true, webauthn:extension:prf: true, webauthn:virtualAuthenticators: true}
Session ID: 61afa6a5810de87616c03c85d645ad3e
at org.openqa.selenium.remote.ErrorCodec.decode(ErrorCodec.java:167)
at org.openqa.selenium.remote.codec.w3c.W3CHttpResponseCodec.decode(W3CHttpResponseCodec.java:138)
at org.openqa.selenium.remote.codec.w3c.W3CHttpResponseCodec.decode(W3CHttpResponseCodec.java:50)
at org.openqa.selenium.remote.HttpCommandExecutor.execute(HttpCommandExecutor.java:190)
at org.openqa.selenium.remote.service.DriverCommandExecutor.invokeExecute(DriverCommandExecutor.java:216)
at org.openqa.selenium.remote.service.DriverCommandExecutor.execute(DriverCommandExecutor.java:174)
at org.openqa.selenium.remote.RemoteWebDriver.execute(RemoteWebDriver.java:518)
at org.openqa.selenium.remote.ElementLocation$ElementFinder$2.findElement(ElementLocation.java:165)
at org.openqa.selenium.remote.ElementLocation.findElement(ElementLocation.java:59)
at org.openqa.selenium.remote.RemoteWebDriver.findElement(RemoteWebDriver.java:355)
at org.openqa.selenium.remote.RemoteWebDriver.findElement(RemoteWebDriver.java:349)
at org.openqa.selenium.support.pagefactory.DefaultElementLocator.findElement(DefaultElementLocator.java:68)
at org.openqa.selenium.support.pagefactory.internal.LocatingElementHandler.invoke(LocatingElementHandler.java:38)
at jdk.proxy2/jdk.proxy2.$Proxy18.getWrappedElement(Unknown Source)
at org.openqa.selenium.remote.WebElementToJsonConverter.apply(WebElementToJsonConverter.java:48)
at java.base/java.util.stream.ReferencePipeline$3$1.accept(ReferencePipeline.java:197)
at java.base/java.util.Spliterators$ArraySpliterator.forEachRemaining(Spliterators.java:992)
at java.base/java.util.stream.AbstractPipeline.copyInto(AbstractPipeline.java:509)
at java.base/java.util.stream.AbstractPipeline.wrapAndCopyInto(AbstractPipeline.java:499)
at java.base/java.util.stream.ReduceOps$ReduceOp.evaluateSequential(ReduceOps.java:921)
at java.base/java.util.stream.AbstractPipeline.evaluate(AbstractPipeline.java:234)
at java.base/java.util.stream.ReferencePipeline.collect(ReferencePipeline.java:682)
at org.openqa.selenium.remote.RemoteWebDriver.executeScript(RemoteWebDriver.java:461)
at mocktest.actiondriver.Action.JSClick(Action.java:297)
at mocktest.pageobjects.OnlineAssessmentPage.clickOnJoinExam(OnlineAssessmentPage.java:22)
at mocktest.testcases.Mocktest1.mockExam1Test(Mocktest1.java:57)
at java.base/java.util.ArrayList.forEach(ArrayList.java:1511)
... Removed 32 stack frames]]>
    </failure>
  </testcase> <!-- mockExam1Test -->
  <testcase classname="mocktest.testcases.HomePageTest" name="testProLinkTest" time="4.792"/>
  <testcase classname="mocktest.testcases.OfferingsPageTest" name="offeringsPageUrlTest" time="5.25"/>
  <testcase classname="mocktest.testcases.AcademicCyclePageTest" name="addacademiccycleBtnTest" time="0.0">
    <ignored/>
  </testcase> <!-- addacademiccycleBtnTest -->
  <testcase classname="mocktest.testcases.AddBatchTest" name="addBatchTest" time="0.0">
    <ignored/>
  </testcase> <!-- addBatchTest -->
  <testcase classname="mocktest.testcases.LoginPageTest" name="signInBtnTest" time="0.0">
    <ignored/>
  </testcase> <!-- signInBtnTest -->
  <testcase classname="mocktest.testcases.LoginPageTest" name="forgotPasswordTest" time="0.0">
    <ignored/>
  </testcase> <!-- forgotPasswordTest -->
  <testcase classname="mocktest.testcases.OfferingsPageTest" name="addOfferingsBtnTest" time="0.0">
    <ignored/>
  </testcase> <!-- addOfferingsBtnTest -->
  <testcase classname="mocktest.base.BaseClass" name="@BeforeSuite loadConfig" time="0.0">
    <ignored/>
  </testcase> <!-- @BeforeSuite loadConfig -->
  <testcase classname="mocktest.base.BaseClass" name="@BeforeSuite loadConfig" time="0.0">
    <ignored/>
  </testcase> <!-- @BeforeSuite loadConfig -->
  <testcase classname="mocktest.base.BaseClass" name="@BeforeSuite loadConfig" time="0.0">
    <ignored/>
  </testcase> <!-- @BeforeSuite loadConfig -->
  <testcase classname="mocktest.base.BaseClass" name="@BeforeSuite loadConfig" time="0.0">
    <ignored/>
  </testcase> <!-- @BeforeSuite loadConfig -->
  <testcase classname="mocktest.base.BaseClass" name="@BeforeSuite loadConfig" time="0.0">
    <ignored/>
  </testcase> <!-- @BeforeSuite loadConfig -->
  <testcase classname="mocktest.base.BaseClass" name="@BeforeSuite loadConfig" time="0.0">
    <ignored/>
  </testcase> <!-- @BeforeSuite loadConfig -->
  <testcase classname="mocktest.base.BaseClass" name="@BeforeSuite loadConfig" time="0.0">
    <ignored/>
  </testcase> <!-- @BeforeSuite loadConfig -->
  <testcase classname="mocktest.base.BaseClass" name="@BeforeSuite loadConfig" time="0.0">
    <ignored/>
  </testcase> <!-- @BeforeSuite loadConfig -->
  <testcase classname="mocktest.base.BaseClass" name="@BeforeSuite loadConfig" time="0.0">
    <ignored/>
  </testcase> <!-- @BeforeSuite loadConfig -->
  <testcase classname="mocktest.base.BaseClass" name="@BeforeSuite loadConfig" time="0.0">
    <ignored/>
  </testcase> <!-- @BeforeSuite loadConfig -->
  <testcase classname="mocktest.testcases.AddAcademiccyclePageTest" name="addAcademiccycle" time="0.0">
    <ignored/>
  </testcase> <!-- addAcademiccycle -->
  <testcase classname="mocktest.testcases.BatchesPageTest" name="addBatchBtnTest" time="0.0">
    <ignored/>
  </testcase> <!-- addBatchBtnTest -->
  <testcase classname="mocktest.base.BaseClass" name="@AfterSuite afterSuite" time="0.0">
    <ignored/>
  </testcase> <!-- @AfterSuite afterSuite -->
  <testcase classname="mocktest.base.BaseClass" name="@AfterSuite afterSuite" time="0.0">
    <ignored/>
  </testcase> <!-- @AfterSuite afterSuite -->
  <testcase classname="mocktest.base.BaseClass" name="@AfterSuite afterSuite" time="0.0">
    <ignored/>
  </testcase> <!-- @AfterSuite afterSuite -->
  <testcase classname="mocktest.base.BaseClass" name="@AfterSuite afterSuite" time="0.0">
    <ignored/>
  </testcase> <!-- @AfterSuite afterSuite -->
  <testcase classname="mocktest.base.BaseClass" name="@AfterSuite afterSuite" time="0.0">
    <ignored/>
  </testcase> <!-- @AfterSuite afterSuite -->
  <testcase classname="mocktest.base.BaseClass" name="@AfterSuite afterSuite" time="0.0">
    <ignored/>
  </testcase> <!-- @AfterSuite afterSuite -->
  <testcase classname="mocktest.base.BaseClass" name="@AfterSuite afterSuite" time="0.0">
    <ignored/>
  </testcase> <!-- @AfterSuite afterSuite -->
  <testcase classname="mocktest.base.BaseClass" name="@AfterSuite afterSuite" time="0.0">
    <ignored/>
  </testcase> <!-- @AfterSuite afterSuite -->
  <testcase classname="mocktest.base.BaseClass" name="@AfterSuite afterSuite" time="0.0">
    <ignored/>
  </testcase> <!-- @AfterSuite afterSuite -->
  <testcase classname="mocktest.base.BaseClass" name="@AfterSuite afterSuite" time="0.0">
    <ignored/>
  </testcase> <!-- @AfterSuite afterSuite -->
  <testcase classname="mocktest.testcases.AddOfferingsTest" name="addOfferingsTest" time="0.0">
    <ignored/>
  </testcase> <!-- addOfferingsTest -->
  <testcase classname="mocktest.testcases.HomePageTest" name="logoTest" time="0.0">
    <ignored/>
  </testcase> <!-- logoTest -->
  <testcase classname="mocktest.testcases.HomePageTest" name="userProfileTest" time="0.0">
    <ignored/>
  </testcase> <!-- userProfileTest -->
  <testcase classname="mocktest.testcases.LoginPageTest" name="passwordTest" time="0.0">
    <ignored/>
  </testcase> <!-- passwordTest -->
  <testcase classname="mocktest.testcases.LoginPageTest" name="userNameTest" time="0.0">
    <ignored/>
  </testcase> <!-- userNameTest -->
</testsuite> <!-- Regression -->
